[    00000 Initiizg cgroup subsys cpuset
[    0.000000] Initializing cgroup subsys cpu
[    0.000000] Initializing cgroup subsys cpuacct
[    0.000000] Linux version 4.4.0-134-generic (buildd@lg01amd64-33(gc verson.40 201660(Uuntu 54.6uuntu1~6..1) ) #10-unu SMP edug15 14:8: UC 2018(Unt 4.4.01316-generc 4.40)
[  00000] Coma line:BO_IAGE=bo/vinuz-44.13-genicoo=UUID=5a1f-f7d-41-a678-68457ef1228 r csoe=tt1 nse=ttyS
[    0.000000] KERNEL supported cpus:
[    0.000000]   Intel GenuineIntel
[    0.000000]   AMD AuthenticAMD
[    0.000000]   Centaur CentaurHauls
[    0.000000] x86/fpu: xstate_offset[2]:  576, xstate_siz[2:  26   0.00000x8/fpu Spoing XSVEeaure x0 '7 flatg ointegtes'
[   00000] x6/fpu:Suppti XSA ftue 0x: SE risrs
[  00000 x/fu: Spoing XSAVE feature 0x04: 'AVX registers'
[    0.000000] x86/fpu: Enabled xstate features 0x7, context size is 832 bytes, using 'standard' format.
[    0.000000] e820: BIOS-provided physical RAM map:
[    0.000000] BIOS-e820: [mem 0x0000000000000000-0x000000000009fbff] usable
[    0.000000] BIOS-e820: [mem 0x000000000009fc00-0x000000000009ffff] reserved
[    0.000000] BIOS-e820: [mem 0x00000000000f0000-0x00000000000fffff] reserved
[    0.000000] BIOS-e820: [mem 0x0000000000100000-0x000000003ffeffff] usable
[    0.000000] BIOS-e820: [mem 0x000000003fff0000-0x000000003fffffff] ACPI data
[    0.000000] BIOS-e820: [mem 0x00000000fec00000-0x00000000fec00fff] reserved
[    0.000000] BIOS-e820: [mem 0x00000000fee00000-0x00000000fee00fff] reserved
[    0.000000] BIOS-e820: [mem 0x00000000fffc0000-0x00000000ffffffff] reserved
[    0.000000] NX (Execute Disable) protection: active
[    0.000000] SMBIOS 2.5 present.
[    0.000000] Hypervisor detected: KVM
[    0.000000] e820: last_pfn = 0x3fff0 max_arch_pfn = 0x400000000
[    0.000000] MTRR: Disabled
[    0.000000] x86/PAT: MTRRs disabled, skipping PAT initialization too.
[    0.000000] CPU MTRRs all blank - virtualized system.
[    0.000000] x86/PAT: Configuration [0-7]: WB  WT  UC- UC  WB  WT  UC- UC  
[    0.000000] found SMP MP-table at [mem 0x0009fff0-0x0009ffff] mapped at [ffff88000009fff0]
[    0.000000] Scanning 1 areas for low memory corruption
[    0.000000] RAMDISK: [mem 0x361ee000-0x370eefff]
[    0.000000] ACPI: Early table checksum verification disabled
[    0.000000] ACPI: RSDP x00000000E0000004 02BOX  )
[  .00000AC: XSDT0x000003FF300003C v0VBX   BOSD0000001 L 000006
    0.000000 AI:FACP 0000003FFF00 00F4 (04BO  VBOXAC0000001 L 000061
[    .000] ACPI: DSDT 0x000000003FFF0470 0021FF (v02 VBOX   VBOXBIOS 00000002 INTL 20180105)
[    0.000000] ACPI: FACS 0x0000000FFF0200 000040
[    0.000000] ACPI: FACS 0x000000003FFF0200 000040
[    0.000000] ACPI: APIC 0x000000003FFF0240 00005C (v02 VBOX   VBOXAPIC 00000001 ASL  00000061)
[    0.000000] ACPI: SSDT 0x000000003FFF02A0 0001CC (v01 VBOX   VBOXCPUT 00000002 INTL 20180105)
[    0.000000] No NUMA configuration found
[    0.000000] Faking a node at [mem 0x0000000000000000-0x000000003ffeffff]
[    0.000000] NODE_DATA(0) allocated [mem 0x3ffeb00-03ffefff][   0.0000 km-clckUsg msrs4b4d1 and b5d0
[  000000]kvclck: u  msr 0ff001,prarcpu clck[    00000 kvmlo: singscd ffseof08252141cyes
[   0.000] closoce: kv-cock: mask:0xfffffffffffffff max_ccl: x1cd2eff, ma_ie_: 88150548 ns[  0000000 Ze ange:   0.00000  MA      me0x00000000100-0x000000fffff][   0.00]   MA   [me 00000001000-0000000ffffff][    0.000000]   Normal   empty
[    0.000000]   Device   empty
[    0.000000] Movable zone start for each node
[    0.000000] Early memory node ranges
[    0.000000]   node   0: [mem 0x0000000000001000-0x000000000009efff]
[    0.000000]   node   0: [mem 0x0000000000100000-0x000000003ffeffff]
[    0.000000] Initmem setup node 0 [mem 0x0000000000001000-0x000000003ffeffff]
[    0.000000] ACPI: PM-Timer IO Port: 0x4008
[    0.000000] IOAPIC[0]: apic_id 2, version 32, address 0xfec00000, GSI 0-23
[    0.000000] ACPI: INT_SRC_OVR (bus 0 bus_irq 0 global_irq 2 dfl dfl)
[    0.000000] ACPI: INT_SRC_OVR (bus 0 bus_irq 9 global_irq 9 lowevel)
[    0.000000] Usi API (MADTfo SMPonguraioinrmatn[    0000] sbo: Alowin 2PUs, hplg CPUs[   0.00] PMRestred sa memy:me 0x00000-0x000ff
[  00000 P Regiser nsave memory: [mem 0009f00-0x009ff
[   0000] PM Riserednoveemory:[m 0000a000-x000fff]
  0.00000]PMReistere nav memry[mm 0x00f00-x000ffff
[   0.000] 820: [emx40000000xbffff] aailaleor PCIdece
[   00000] Botingarvirtuaiz krnel o K
    0.000]clocksur: efinedjiies: mk:xffffff x_ycles:0xfffff, mx_lens: 765560211568ns[    00000 setuppepu NR_PU51 nr_cpma_bts:5 ncp_ids:2r_de_is:
[  0.000000] PERCPU: Embedded 34 pages/cpu @ffff88003fc00000 s99544 r8192 d31528 u1048576
[    0.000000] PV qspinlock hash table entries: 256 (order: 0, 09 bytes)
[   0.0000 Bilt zolistinod ordermoilitgrping o  tal ge 27912[   0.00] Poli ze: D32[   .000] Kern cmandin BOOT_IMAGE=/boot/vmlinuz-4.4.0-134-generic root=UUID=45a6b1fb-f7d5-4101-a678-68457ef12f28 ro console=tty1 console=ttyS0
[    0.000000] PID hash table entries: 4096 (order: 3, 32768 bytes)
[    0.000000] Memory: 997152K/1048120K available (8554K kernel code, 1314K rwdata, 4004K rodata, 1516K init, 1316K bss, 50968K reserved, 0K cma-reserved)
[    0.000000] SLUB: HWalign=64, Order=0-3, MinObjects=0, CPUs=2, Nodes=1
[    0.000000] Kernel/User page tables isolation: enabled
[    0.000000] Hierarchical RCU implementation.
[    0.000000] 	Build-time adjustment of leaf fanout to 64.
[    0.000000] 	RCU restricting CPUs from NR_CPUS=512 to nr_cpu_ids=2.
[    0.000000] RCU: Adjusting geometry for rcu_fanout_leaf=64, nr_cpu_ids=2
[    0.000000] NR_IRQS:33024 nr_irqs:440 16
[    0.000000] Console: colour VGA+ 80x25
[    0.000000] console [tty1] enabled
[    0.000000] console [ttyS0] enabled
[    0.000000] tsc: Detected 2207.998 MHz processor
[    9.461705] Calibrating delay loop (skipped) preset value.. 4415.99 BogoMIPS (lpj=8831992)
[    9.462898] pid_max: default: 32768 minimum: 301
[    9.463538] ACPI: Core revision 20150930
[    9.464896] ACPI: 2 ACPI AML tables successfully acquired and loaded
[    9.465843] Security Framework initialized
[    9.466433] Yama: becoming mindful.
[    9.466975] AppArmor: AppArmor initialized
[    9.467623] Dentry cache hash table entries: 131072 (order: 8, 1048576 bytes)
[   9.468988] Inode-cache hash table entries: 65536 (order: 7, 524288 bytes)
[    9.483115] Mount-cache hash table entries: 2048 (order: 2, 16384 bytes)
[    9.483953] Mountpoint-cache hash table entries: 2048 (order: 2, 16384 bytes)
[    9.484946] Initializing cgroup subsys io
[    9.485558] Initializing cgroup subsys memory
[    9.486175] Initializing cgroup subsys devices
[    9.486793] Initializing cgroup subsys freezer
[    9.487412] Initializing cgroup subsys net_cls
[    9.488031] Initializing cgroup subsys perf_event
[    9.488672] Initializing cgroup subsys net_prio
[    9.489318] Initializing cgroup subsys hugetlb
[    9.489939] Initializing cgroup subsys pids
[    9.492153] mce: CPU supports 0 MCE banks
[    9.492750] Last level iTLB entries: 4KB 64, 2MB 8, 4MB 8
[    9.493478] Last level dTLB entries: 4KB 64, 2MB 0, 4MB 0, 1GB 4
[    9.494247] Spectre V2 : Mitigation: Full generic retpoline
[    9.494972] Spectre V2 : Speculation control IBPB not-supported IBRS not-supported
[    9.495874] Spectre V2 : Filling RSB on context switch
[    9.496778] Speculative Store Bypass: Vulnerable
[    9.499462] Freeing SMP alternatives memory: 32K
[    9.612935] ftrace: allocating 32266 entries in 127 pages
[    9.742815] smpboot: APIC(0) Converting physical 0 to logical package 0
[    9.943062] smpboot: Max logical packages: 1
[   10.073669] x2apic enabled
[   10.153489] Switched APIC routing to physical x2apic.
[   10.309241] ..TIMER: vector=0x30 apic1=0 pin1=2 apic2=-1 pin2=-1
[   10.600833] APIC calibration not consistent with PM-Timer: 98ms instead of 100ms
[   10.755908] APIC delta adjusted to PM-Timer: 6249988 (6179065)
[   10.767342] smpboot: CPU0: Intel(R) Core(TM) i5-7260U CPU @ 2.20GHz (family: 0x6, model: 0x8e, stepping: 0x9)
[   10.794043] Performance Events: unsupported p6 CPU model 142 no PMU driver, software events only.
[   10.796416] KVM setup paravirtual spinlock
[   10.797621] x86: Booting SMP configuration:
[   10.803853] .... node  #0, CPUs:      #1
[   10.809891] kvm-clock: cpu 1, msr 0:3ffe3041, secondary cpu clock
[   10.811505] mce: CPU supports 0 MCE banks
[   10.813861] x86: Booted up 1 node, 2 CPUs
[   10.814693] smpboot: Total of 2 processors activated (8831.99 BogoMIPS)
[   10.834974] devtmpfs: initialized
[   10.874905] evm: security.selinux
[   10.911600] evm: security.SMACK64
[   10.945508] evm: security.SMACK64EXEC
[   10.986577] evm: security.SMACK64TRANSMUTE
[   11.027695] evm: security.SMACK64MMAP
[   11.065515] evm: security.ima
[   11.094641] evm: security.capability
[   11.138186] clocksource: jiffies: mask: 0xffffffff max_cycles: 0xffffffff, max_idle_ns: 7645041785100000 ns
[   11.255913] futex hash table entries: 512 (order: 3, 32768 bytes)
[   11.370629] pinctrl core: initialized pinctrl subsystem
[   11.443502] RTC time:  6:55:05, date: 08/30/18
[   11.498679] NET: Registered protocol family 16
[   11.567351] cpuidle: using governor ladder
[   11.647281] cpuidle: using goverror menu
[   11.705532] PCCT header not found.
[   11.759357] ACPI: bus type PCI registered
[   11.819656] acpiphp: ACPI Hot Plug PCI Controller Driver version: 0.5
[   11.849671] PCI: Using configuration type 1 for base access
[   11.863705] ACPI: Added _OSI(Module Device)
[   11.865851] ACPI: Added _OSI(Processor Device)
[   11.866565] ACPI: Added _OSI(3.0 _SCP Extensions)
[   11.867318] ACPI: Added _OSI(Processor Aggregator Device)
[   11.868691] ACPI: Executed 1 blocks of module-level executable AML code
[   11.871439] ACPI: Interpreter enabled
[   11.872072] ACPI: (supports S0 S5)
[   11.872666] ACPI: Using IOAPIC for interrupt routing
[   11.873561] PCI: Using host bridge windows from ACPI; if necessary, use "pci=nocrs" and report a bug
[   11.877715] ACPI: PCI Root Bridge [PCI0] (domain 0000 [bus 00-ff])
[   11.879736] acpi PNP0A03:00: _OSC: OS supports [ASPM ClockPM Segments MSI]
[   11.880738] acpi PNP0A03:00: _OSC: not requesting OS control; OS requires [ExtendedConfig ASPM ClockPM MSI]
[   11.882219] acpi PNP0A03:00: fail to add MMCONFIG information, can't access extended PCI configuration space under this bridge.
[   11.884089] PCI host bridge to bus 0000:00
[   11.884762] pci_bus 0000:00: root bus resource [io  0x0000-0x0cf7 window]
[   11.885744] pci_bus 0000:00: root bus resource [io  0x0d00-0xffff window]
[   11.886727] pci_bus 0000:00: root bus resource [mem 0x000a0000-0x000bffff window]
[   11.887959] pci_bus 0000:00: root bus resource [mem 0x40000000-0xfdffffff window]
[   11.889173] pci_bus 0000:00: root bus resource [bus 00-ff]
[   11.891135] pci 0000:00:01.1: legacy IDE quirk: reg 0x10: [io  0x01f0-0x01f7]
[   11.892153] pci 0000:00:01.1: legacy IDE quirk: reg 0x14: [io  0x03f6]
[   11.900829] pci 0000:00:0111: legacy IDE quirk: reg 0x18: [io  0x0170-0x0177]
[   11.976219] pci 0000:00:01.1: legacy IDE quirk: reg 0x1c: [io  0x0376]
[   12.099970] pci 0000:00:07.0: quirk: [io  0x4000-0x403f] claimed by PIIX4 ACPI
[   12.164203] pci 0000:00:07.0: quirk: [io  0x4100-0x410f] claimed by PIIX4 SMB
[   12.171974] ACPI: PCI Interrupt Link [LNKA] (IRQs 5 9 10 *11)
[   12.199905] ACPI: PCI Interrupt Link [LNKB] (IRQs 5 9 *10 11)
[   12.201121] ACPI: PCI Interrupt Link [LNKC] (IRQs 5 *9 10 11)
[   12.202412] ACPI: PCI Interrupt Link [LNKD] (IRQs 5 9 10 *11)
[   12.259800] ACPI: Enabled 2 GPEs in block 00 to 07
[   12.260789] vgaarb: setting as boot device: PCI:0000:00:02.0
[   12.261541] vgaarb: device added: PCI:0000:00:02.0,decodes=io+mem,owns=io+mem,locks=none
[   12.262681] vgaarb: loaded
[   12.263149] vgaarb: bridge control possible 0000:00:02.0
[   12.264051] SCSI subsystem initialized
[   12.264717] ACPI: bus type USB registered
[   12.265329] usbcore: registered new interface driver usbfs
[   12.266066] usbcore: registered new interface driver hub
[   12.266785] usbcore: registered new device driver usb
[   12.268013] PCI: Using ACPI for IRQ routing
[   12.285890] NetLabel: Initializing
[   12.286503] NetLabel:  domain hash size = 128
[   12.287247] NetLabel:  protocols = UNLABELED CIPSOv4
[   12.310366] NetLabel:  unlabeled traffic allowed by default
[   12.316912] amd_nb: Cannot enumerate AMD northbridges
[   12.317629] clocksource: Switched to clocksource kvm-clock
[   12.323585] AppArmor: AppArmor Filesystem Enabled
[   12.495621]pn P AI it
[   12.751125] pnp: PnP ACPI: found 3 devices

[  12.759539] clocksource: acpi_pm: mask: 0xffffff max_cycles: 0xffffff, max_idle_ns: 2085701024 ns
[   12.781751] NET: Registered protocol family 2

[   12.782510] TCP established hash table entries: 8192 (order: 4, 65536 bytes)
[   12.783394] TCP bind hash table entries: 8192 (order: 5, 131072 bytes)
[   12.784226] TCP: Hash tables configured (established 8192 bind 8192)
[   12.785043] UDP hash table entries: 512 (order: 2, 16384 bytes)
[   12.785829] UDP-Lite hash table entries: 512 (order: 2, 16384 bytes)
[   12.786656] NET: Registered protocol family 1
[   12.787281] pci 0000:00:00.0: Limiting direct PCI/PCI transfers
[   12.788055] pci 0000:00:01.0: Activating ISA DMA hang workarounds
[   12.788931] Unpacking initramfs...
[ 12757]rengnirdemy:53K  3.96] atrmrtc_cmos: registered platform RTC device (no PNP device found)
[  13.726332] Scanning for low memory corruption every 60 seconds

[   13.748681] audit: initializing netlink subsys (disabled)
[   13.749535] audit: type=2000 audit(1535612100.940:1): initialized
[   13.751401] Initialise system trusted keyring
[   13.752904] HugeTLB registered 2 MB page size, pre-allocated 0 pages
[   13.755088] zbud: loaded
[   13.755945] VFS: Disk quotas dquot_6.6.0
[   13.756644] VFS: Dquot-cache hash table entries: 512 (order 0, 4096 bytes)
[   13.757864] squashfs: version 4.0 (2009/01/31) Phillip Lougher
[   13.759000] fuse init (API version 7.23)
[   13.759829] Key type big_key registered
[   13.760498] Allocating IMA MOK and blacklist keyrings.
[   13.762149] Key type asymmetric registered
[   13.762829] Asymmetric key parser 'x509' registered
[   13.763621] Block layer SCSI generic (bsg) driver version 0.4 loaded (major 249)
[   13.764877] io scheduler noop registered
[   13.765543] io scheduler deadline registered (default)
[   13.766409] io scheduler cfq registered
[   13.767140] pci_hotplug: PCI Hot Plug PCI Core version: 0.5
[   13.768008] pciehp: PCI Express Hot Plug Controller Driver version: 0.4
[   13.769082] ACPI: AC Adapter [AC] (on-line)
[   13.769864] input: Power Button as /devices/LNXSYSTM:00/LNXPWRBN:00/input/input0
[   13.771081] ACPI: Power Button [PWRF]
[   13.771753] input: Sleep Button as /devices/LNXSYSTM:00/LNXSLPBN:00/input/input1
[   13.772967] ACPI: Sleep Button [SLPF]
[   13.773732] GHES: HEST is not enabled!
[   13.774521] Serial: 8250/16550 driver, 32 ports, IRQ sharing enabled
[   13.796840] 00:02: ttyS0 at I/O 0x3f8 (irq = 4, base_baud = 115200) is a 16550A
[   13.808187] Linux agpgart interface v0.103
[   13.821492] loop: module loaded
[   13.843709] scsi host0: ata_piix
[   13.844451] scsi host1: ata_piix
[   13.845054] ata1: PATA max UDMA/33 cmd 0x1f0 ctl 0x3f6 bmdma 0xd000 irq 14
[   13.846085] ata2: PATA max UDMA/33 cmd 0x170 ctl 0x376 bmdma 0xd008 irq 15
[   13.847177] libphy: Fixed MDIO Bus: probed
[   13.848983] tun: Universal TUN/TAP device driver, 1.6
[   13.849826] tun: (C) 1999-2004 Max Krasnyansky <maxk@qualcomm.com>
[   13.850883] PPP generic driver version 2.4.2
[   13.851723] ehci_hcd: USB 2.0 'Enhanced' Host Controller (EHCI) Driver
[   13.852702] ehci-pci: EHCI PCI platform driver
[   13.853446] ehci-platform: EHCI generic platform driver
[   13.854277] ohci_hcd: USB 1.1 'Open' Host Controller (OHCI) Driver
[   13.855196] ohci-pci: OHCI PCI platform driver
[   13.855919] ohci-platform: OHCI generic platform driver
[   13.856729] uhci_hcd: USB Universal Host Controller Interface driver
[   13.857727] i8042: PNP: PS/2 Controller [PNP0303:PS2K,PNP0f03:PS2M] at 0x60,0x64 irq 1,12
[   13.859440] serio: i8042 KBD port at 0x60,0x64 irq 1
[   13.863279] serio: i8042 AUX port at 0x60,0x64 irq 12
[   13.864323] mousedev: PS/2 mouse device common for all mice
[   13.865534] input: AT Translated Set 2 keyboard as /devices/platform/i8042/serio0/input/input2
[   13.868382] rtc_cmos rtc_cmos: rtc core: registered rtc_cmos as rtc0
[   13.869365] rtc_cmos rtc_cmos: alarms up to one day, 114 bytes nvram
[   13.870348] i2c /dev entries driver
[   13.871005] device-mapper: uevent: version 1.0.3
[   13.871845] device-mapper: ioctl: 4.34.0-ioctl (2015-10-28) initialised: dm-devel@redhat.com
[   13.873218] ledtrig-cpu: registered to indicate activity on CPUs
[   13.874575] NET: Registered protocol family 10
[   13.875499] NET: Registered protocol family 17
[   13.879490] Key type dns_resolver registered
[   13.880764] registered taskstats version 1
[   13.881459] Loading compiled-in X.509 certificates
[   13.882726] Loaded X.509 cert 'Build time autogenerated kernel key: 4eb3d024ac16f76c1747ffd474694c84db21038b'
[   13.884284] zswap: loaded using pool lzo/zbud
[   13.886728] Key type trusted registered
[   13.893976] Key type encrypted registered
[   13.895816] AppArmor: AppArmor sha1 policy hashing enabled
[   13.896669] ima: No TPM chip found, activating TPM-bypass!
[   13.897530] ima: Allocated hash algorithm: sha1
[   13.898293] evm: HMAC attrs: 0x1
[   13.899161]   Magic number: 14:791:924
[   13.899917] rtc_cmos rtc_cmos: setting system clock to 2018-08-30 06:55:07 UTC (1535612107)
[   13.901403] BIOS EDD facility v0.16 2004-Jun-25, 0 devices found
[   13.975196] EDD information not available.
[   14.002682] Freeing unused kernel memory: 1516K
[   14.008769] Write protecting the kernel read-only data: 14336k
[   14.010136] Freeing unused kernel memory: 1672K
[   14.011089] Freeing unused kernel memory: 92K
Loading, please wait...
starting version[   14.021429] random: systemd-udevd: uninitialized urandom read (16 bytes read, 3 bits of entropy available)
 229
[   14.021901] random: udevadm: uninitialized urandom read (16 bytes read, 3 bits of entropy available)
[   14.021916] random: udevadm: uninitialized urandom read (16 bytes read, 3 bits of entropy available)
[   14.027991] random: udevadm: uninitialized urandom read (16 bytes read, 3 bits of entropy available)
[   14.028026] random: udevadm: uninitialized urandom read (16 bytes read, 3 bits of entropy available)
[   14.028130] random: udevadm: uninitialized urandom read (16 bytes read, 3 bits of entropy available)
[   14.028167] random: udevadm: uninitialized urandom read (16 bytes read, 3 bits of entropy available)
[   14.028206] random: udevadm: uninitialized urandom read (16 bytes read, 3 bits of entropy available)
[   14.028243] random: udevadm: uninitialized urandom read (16 bytes read, 3 bits of entropy available)
[   14.028279] random: udevadm: uninitialized urandom read (16 bytes read, 3 bits of entropy available)
[   14.062173] e1000: Intel(R) PRO/1000 Network Driver - version 7.3.21-k8-NAPI
[   14.090358] e1000: Copyright (c) 1999-2006 Intel Corporation.
[   14.108384] Fusion MPT base driver 3.04.20
[   14.118359] Copyright (c) 1999-2008 LSI Corporation
[   14.121528] AVX2 version of gcm_enc/dec engaged.
[   14.281765] AES CTR mode by8 optimization enabled
[   14.287708] Fusion MPT SPI Host driver 3.04.20
[   14.320480] input: ImExPS/2 Generic Explorer Mouse as /devices/platform/i8042/serio1/input/input4
[   14.437733] tsc: Refined TSC clocksource calibration: 2208.098 MHz
[   14.480336] clocksource: tsc: mask: 0xffffffffffffffff max_cycles: 0x1fd4149a91b, max_idle_ns: 440795249106 ns
[   14.584795] e1000 0000:00:03.0 eth0: (PCI:33MHz:32-bit) 02:c5:fa:e6:4f:6d
[   14.606217] e1000 0000:00:03.0 eth0: Intel(R) PRO/1000 Network Connection
[   14.932662] e1000 0000:00:08.0 eth1: (PCI:33MHz:32-bit) 08:00:27:79:68:0d
[   14.956188] e1000 0000:00:08.0 eth1: Intel(R) PRO/1000 Network Connection
[   14.957861] e1000 0000:00:03.0 enp0s3: renamed from eth0
[   15.012798] mptbase: ioc0: Initiating bringup
[   15.057937] e1000 0000:00:08.0 enp0s8: renamed from eth1
[   15.109836] ioc0: LSI53C1030 A0: Capabilities={Initiator}
[   15.271000] scsi host2: ioc0: LSI53C1030 A0, FwRev=00000000h, Ports=1, MaxQ=256, IRQ=20
[   15.390833] scsi 2:0:0:0: Direct-Access     VBOX     HARDDISK         1.0  PQ: 0 ANSI: 5
[   15.433048] scsi target2:0:0: Beginning Domain Validation
[   15.435304] scsi target2:0:0: Domain Validation skipping write tests
[   15.436809] scsi target2:0:0: Ending Domain Validation
[   15.438167] scsi target2:0:0: asynchronous
[   15.439460] scsi 2:0:1:0: Direct-Access     VBOX     HARDDISK         1.0  PQ: 0 ANSI: 5
[   15.450178] scsi target2:0:1: Beginning Domain Validation
[   15.452648] scsi target2:0:1: Domain Validation skipping write tests
[   15.453630] scsi target2:0:1: Ending Domain Validation
[   15.454470] scsi target2:0:1: asynchronous
[   15.458847] sd 2:0:0:0: Attached scsi generic sg0 type 0
[   15.460752] sd 2:0:0:0: [sda] 20971520 512-byte logical blocks: (10.7 GB/10.0 GiB)
[   15.462200] sd 2:0:1:0: Attached scsi generic sg1 type 0
[   15.462244] sd 2:0:0:0: [sda] Write Protect is off
[   15.463091] sd 2:0:1:0: [sdb] 20480 512-byte logical blocks: (10.5 MB/10.0 MiB)
[   15.463919] sd 2:0:0:0: [sda] Incomplete mode parameter data
[   15.463920] sd 2:0:0:0: [sda] Assuming drive cache: write through
[   15.466101] sd 2:0:1:0: [sdb] Write Protect is off
[   15.467865] sd 2:0:1:0: [sdb] Incomplete mode parameter data
[   15.468630] sd 2:0:1:0: [sdb] Assuming drive cache: write through
[   15.471054]  sda: sda1
[   15.476351] sd 2:0:1:0: [sdb] Attached SCSI disk
[   15.477062] sd 2:0:0:0: [sda] Attached SCSI disk
Begin: Loading e[   16.784064] md: linear personality registered for level -1
ssential drivers ... [   16.918336] md: multipath personality registered for level -4
[   17.147574] md: raid0 personality registered for level 0
[   17.150676] md: raid1 personality registered for level 1
[   17.257306] raid6: sse2x1   gen() 12481 MB/s
[   17.353321] raid6: sse2x1   xor()  9204 MB/s
[   17.445298] raid6: sse2x2   gen() 15214 MB/s
[   17.529968] raid6: sse2x2   xor() 10078 MB/s
[   17.645210] raid6: sse2x4   gen() 17215 MB/s
[   17.715178] raid6: sse2x4   xor() 11484 MB/s
[   17.786310] raid6: avx2x1   gen() 23710 MB/s
[   17.857873] raid6: avx2x2   gen() 26609 MB/s
[   17.935177] raid6: avx2x4   gen() 31222 MB/s
[   17.955869] raid6: using algorithm avx2x4 gen() 31222 MB/s
[   17.956725] raid6: using avx2x2 recovery algorithm
[   17.958580] xor: automatically using best checksumming function:
[   18.117684]    avx       : 24674.000 MB/sec
[   18.188242] async_tx: api initialized (async)
[   18.224494] md: raid6 personality registered for level 6
[   18.236023] md: raid5 personality registered for level 5
[   18.236843] md: raid4 personality registered for level 4
[   18.269702] md: raid10 personality registered for level 10
done.
Begin: Running /scripts/init-premount ... done.
Begin: Mounting root file system[   18.347965] Btrfs loaded
 ... Begin: Running /scripts/local-top ... done.
Begin: Running /scripts/local-premount ... Scanning for Btrfs filesystems
done.
Warning: fsck no[   18.451416] EXT4-fs (sda1): INFO: recovery required on readonly filesystem
t present, so skipping root file system
[   18.462973] EXT4-fs (sda1): write access will be enabled during recovery
[   18.504879] EXT4-fs (sda1): orphan cleanup on readonly fs
[   18.706682] EXT4-fs (sda1): 7 orphan inodes deleted
[   18.707348] EXT4-fs (sda1): recovery complete
[   18.708436] EXT4-fs (sda1): mounted filesystem with ordered data mode. Opts: (null)
done.
Begin: Running /scripts/local-bottom ... done.
Begin: Running /scripts/init-bottom ... done.
[   18.845547] systemd[1]: systemd 229 running in system mode. (+PAM +AUDIT +SELINUX +IMA +APPARMOR +SMACK +SYSVINIT +UTMP +LIBCRYPTSETUP +GCRYPT +GNUTLS +ACL +XZ -LZ4 +SECCOMP +BLKID +ELFUTILS +KMOD -IDN)
[   18.897363] systemd[1]: Detected virtualization oracle.
[   18.898105] systemd[1]: Detected architecture x86-64.

Welcome to [1mUbuntu 16.04.4 LTS[0m!

[   18.902352] systemd[1]: Set hostname to <ubuntu-xenial>.
[   19.036504] systemd[1]: Listening on /dev/initctl Compatibility Named Pipe.
[[0;32m  OK  [0m] Listening on /dev/initctl Compatibility Named Pipe.
[   19.056951] systemd[1]: Listening on udev Control Socket.
[[0;32m  OK  [0m] Listening on udev Control Socket.
[   19.058407] systemd[1]: Reached target User and Group Name Lookups.
[[0;32m  OK  [0m] Reached target User and Group Name Lookups.
[   19.060000] systemd[1]: Reached target System Time Synchronized.
[[0;32m  OK  [0m] Reached target System Time Synchronized.
[   19.061567] systemd[1]: Started Forward Password Requests to Wall Directory Watch.
[[0;32m  OK  [0m] Started Forward Password Requests to Wall Directory Watch.
[   19.063690] systemd[1]: Set up automount Arbitrary Executable File Formats File System Automount Point.
[[0;32m  OK  [0m] Set up automount Arbitrary Executab...ats File System Automount Point.
[   19.066242] systemd[1]: Created slice User and Session Slice.
[[0;32m  OK  [0m] Created slice User and Session Slice.
[   19.067758] systemd[1]: Listening on LVM2 poll daemon socket.
[[0;32m  OK  [0m] Listening on LVM2 poll daemon socket.
[   19.069445] systemd[1]: Created slice System Slice.
[[0;32m  OK  [0m] Created slice System Slice.
[   19.070817] systemd[1]: Reached target Slices.
[[0;32m  OK  [0m] Reached target Slices.
[   19.072097] systemd[1]: Started Trigger resolvconf update for networkd DNS.
[[0;32m  OK  [0m] Started Trigger resolvconf update for networkd DNS.
[   19.073824] systemd[1]: Reached target Swap.
[[0;32m  OK  [0m] Reached target Swap.
[   19.075060] systemd[1]: Listening on Device-mapper event daemon FIFOs.
[[0;32m  OK  [0m] Listening on Device-mapper event daemon FIFOs.
[   19.076713] systemd[1]: Listening on LVM2 metadata daemon socket.
[[0;32m  OK  [0m] Listening on LVM2 metadata daemon socket.
[   19.078342] systemd[1]: Listening on Journal Audit Socket.
[[0;32m  OK  [0m] Listening on Journal Audit Socket.
[   19.079803] systemd[1]: Listening on Syslog Socket.
[[0;32m  OK  [0m] Listening on Syslog Socket.
[   19.081176] systemd[1]: Listening on udev Kernel Socket.
[[0;32m  OK  [0m] Listening on udev Kernel Socket.
[   19.082637] systemd[1]: Listening on Journal Socket.
[[0;32m  OK  [0m] Listening on Journal Socket.
[   19.097804] systemd[1]: Starting Monitoring of LVM2 mirrors, snapshots etc. using dmeventd or progress polling...
         Starting Monitoring of LVM2 mirrors... dmeventd or progress polling...
[   19.178463] systemd[1]: Starting Load Kernel Modules...
[   19.187290] Loadig SC tnsrtla v0-0.
         Startin[   19.626886] iscsi: registered transport (tcp)
g Load Kernel Mo[   19.686086] random: nonblocking pool is initialized
dules...
[   19.721741] systemd[1]: Mounting POSIX Message Queue File System...
         Mountin[   19.733940] iscsi: registered transport (iser)
g POSIX Message Queue File System...
[   19.739922] systemd[1]: Starting Set console keymap...
         Starting Set console keymap...
[   20.265946] systemd[1]: Starting Uncomplicated firewall...
         Starting Uncomplicated firewall...
[   20.313734] systemd[1]: Mounting Huge Pages File System...
         Mounting Huge Pages File System...
[   20.327726] systemd[1]: Mounting Debug File System...
         Mounting Debug File System...
[   20.382015] systemd[1]: Starting Nameserver information manager...
         Starting Nameserver information manager...
[   20.426205] systemd[1]: Starting Remount Root and Kernel File Systems...
[   20.432850] EXT4-fs (sda1): re-mounted. Opts: (null)
         Starting Remount Root and Kernel File Systems...
[   20.446839] systemd[1]: Starting Create list of required static device nodes for the current kernel...
         Starting Create list of required st... nodes for the current kernel...
[   20.493530] systemd[1]: Created slice system-serial\x2dgetty.slice.
[[0;32m  OK  [0m] Created slice system-serial\x2dgetty.slice.
[   20.499009] systemd[1]: Reached target Encrypted Volumes.
[[0;32m  OK  [0m] Reached target Encrypted Volumes.
[   20.517267] systemd[1]: Listening on Journal Socket (/dev/log).
[[0;32m  OK  [0m] Listening on Journal Socket (/dev/log).
[   20.537749] systemd[1]: Starting Journal Service...
         Starting Journal Service...
[   20.563151] systemd[1]: Mounted POSIX Message Queue File System.
[[0;32m  OK  [0m] Mounted POSIX Message Queue File System.
[   20.585773] systemd[1]: Mounted Huge Pages File System.
[[0;32m  OK  [0m] Mounted Huge Pages File System.
[   20.596136] systemd[1]: Mounted Debug File System.
[[0;32m  OK  [0m] Mounted Debug File System.
[   20.598649] systemd[1]: Started Journal Service.
[[0;32m  OK  [0m] Started Journal Service.
[[0;32m  OK  [0m] Started Load Kernel Modules.
[[0;32m  OK  [0m] Started Set console keymap.
[[0;32m  OK  [0m] Started Uncomplicated firewall.
[[0;32m  OK  [0m] Started Remount Root and Kernel File Systems.
[[0;32m  OK  [0m] Started Create list of required sta...ce nodes for the current kernel.
[[0;32m  OK  [0m] Started Nameserver information manager.
[[0;32m  OK  [0m] Started LVM2 metadata daemon.
         Starting Create Static Device Nodes in /dev...
         Starting udev Coldplug all Devices...
         Starting Load/Save Random Seed...
         Starting Apply Kernel Variables...
         Mounting FUSE Control File System...
         Starting Flush Journal to Persistent Storage...
[[0;32m  OK  [0m] Mounted FUSE Control File System.
[[0;32m  OK  [0m] Started Create Static Device Nodes in /dev.
[[0;32m  OK  [0m] Started Monitoring of LVM2 mirrors,...ng dmeventd or progress polling.
[[0;32m  OK  [0m] Started Load/Save Random Seed.
[[0;32m  OK  [0m] Started Apply Kernel Variables.
[[0;32m  OK  [0m] Started udev Coldplug all Devices.
[[0;32m  OK  [0m] Started Flush Journal to Persistent Storage.
         Starting udev Kernel Device Manager...
[[0;32m  OK  [0m] Started udev Kernel Device Manager.
[[0;32m  OK  [0m] Started Dispatch Password Requests to Console Directory Watch.
[[0;32m  OK  [0m] Reached target Local File Systems (Pre).
[[0;32m  OK  [0m] Reached target Local File Systems.
         Starting Initial cloud-init job (pre-networking)...
         Starting Set console font and keymap...
         Starting LSB: AppArmor initialization...
         Starting Tell Plymouth To Write Out Runtime Data...
         Starting Create Volatile Files and Directories...
[[0;32m  OK  [0m] Started Tell Plymouth To Write Out Runtime Data.
[[0;32m  OK  [0m] Started Create Volatile Files and Directories.
[[0;32m  OK  [0m] Found device /dev/ttyS0.
         Starting Update UTMP about System Boot/Shutdown...
[[0;32m  OK  [0m] Started Update UTMP about System Boot/Shutdown.
[[0;32m  OK  [0m] Found device 82540EM Gigabit Ethern...r (PRO/1000 MT Desktop Adapter).
[[0;32m  OK  [0m] Started Set console font and keymap.
[[0;32m  OK  [0m] Started LSB: AppArmor initialization.
[[0;32m  OK  [0m] Found device 82540EM Gigabit Ethern...r (PRO/1000 MT Desktop Adapter).
[[0;32m  OK  [0m] Listening on Load/Save RF Kill Switch Status /dev/rfkill Watch.
[    9.963895] cloud-init[469]: Cloud-init v. 18.2 running 'init-local' at Thu, 30 Aug 2018 06:55:15 +0000. Up 9.69 seconds.
[[0;32m  OK  [0m] Created slice system-getty.slice.
[[0;32m  OK  [0m] Started Initial cloud-init job (pre-networking).
[[0;32m  OK  [0m] Reached target Network (Pre).
[[0;32m  OK  [0m] Started ifup for enp0s8.
[[0;32m  OK  [0m] Started ifup for enp0s3.
         Starting Raise network interfaces...
[[0;32m  OK  [0m] Started Raise network interfaces.
[[0;32m  OK  [0m] Reached target Network.
         Starting Initial cloud-init job (metadata service crawler)...
[   10.679472] cloud-init[1080]: Cloud-init v. 18.2 running 'init' at Thu, 30 Aug 2018 06:55:16 +0000. Up 10.42 seconds.
[   10.691732] cloud-init[1080]: ci-info: ++++++++++++++++++++++++++++++++++++++Net device info++++++++++++++++++++++++++++++++++++++
[   10.694315] cloud-init[1080]: ci-info: +--------+------+-----------------------------+---------------+-------+-------------------+
[   10.698388] cloud-init[1080]: ci-info: | Device |  Up  |           Address           |      Mask     | Scope |     Hw-Address    |
[   10.701261] cloud-init[1080]: ci-info: +--------+------+-----------------------------+---------------+-------+-------------------+
[   10.716771] [cloud-init[0;32m  OK  [0m[1080]: ] ci-info: | enp0s3 | True |          10.0.2.15          | 255.255.255.0 |   .   | 02:c5:fa:e6:4f:6d |Started Initial cloud-init job (metadata service crawler).

[   10.717090] cloud-init[1080]: ci-info: | enp0s3 | True |  fe80::c5:faff:fee6:4f6d/64 |       .       |  link | 02:c5:fa:e6:4f:6d |[[0;32m  OK  [0m] Reached target Network is Online.

[   10.728396]          cloud-initStarting iSCSI initiator daemon (iscsid)...[1080]: 
ci-info: | enp0s8 | True |        192.168.33.10        | 255.255.255.0 |   .   | 08:00:27:79:68:0d |
[   10.743918] [cloud-init[0;32m  OK  [0m[1080]: ] ci-info: | enp0s8 | True | fe80::a00:27ff:fe79:680d/64 |       .       |  link | 08:00:27:79:68:0d |Reached target System Initialization.

[   10.744340]          cloud-initStarting Socket activation for snappy daemon.[1080]: 
ci-info: |   lo   | True |          127.0.0.1          |   255.0.0.0   |   .   |         .         |
[   10.755348]          cloud-initStarting LXD - unix socket.[1080]: 
ci-info: |   lo   | True |           ::1/128           |       .       |  host |         .         |
[   10.758080] [cloud-init[0;32m  OK  [0m[1080]: ] ci-info: +--------+------+-----------------------------+---------------+-------+-------------------+Listening on ACPID Listen Socket.

[   10.758437] cloud-init[1080]: ci-info: ++++++++++++++++++++++++++++Route IPv4 info++++++++++++++++++++++++++++
[[0;32m  OK  [0m] Started ACPI Events Check.
[   10.800124] [cloud-init[0;32m  OK  [0m[1080]: ] ci-info: +-------+--------------+----------+---------------+-----------+-------+Reached target Paths.

[   10.810009] [cloud-init[0;32m  OK  [0m[1080]: ] ci-info: | Route | Destination  | Gateway  |    Genmask    | Interface | Flags |Started Daily Cleanup of Temporary Directories.

[   10.818693] [cloud-init[0;32m  OK  [0m[1080]: ] ci-info: +-------+--------------+----------+---------------+-----------+-------+Listening on D-Bus System Message Bus Socket.

[   10.825840] [cloud-init[0;32m  OK  [0m[1080]: ] ci-info: |   0   |   0.0.0.0    | 10.0.2.2 |    0.0.0.0    |   enp0s3  |   UG  |Listening on UUID daemon activation socket.

[   10.831671] cloud-init[1080]: ci-info: |   1   |   10.0.2.0   | 0.0.0.0  | 255.255.255.0 |   enp0s3  |   U   |
[   10.869010] [cloud-init[0;32m  OK  [0m[1080]: ] ci-info: |   2   | 192.168.33.0 | 0.0.0.0  | 255.255.255.0 |   enp0s8  |   U   |Started Daily apt download activities.

[[0;32m  OK  [0m] Started Daily apt upgrade and clean activities.
[[0;32m  OK  [0m] Reached target Timers.
[   10.869331] cloud-init[1080]: ci-info: +-------+--------------+----------+---------------+-----------+-------+
[[0;32m  OK  [0m] Reached target Cloud-config availability.
[[0;32m  OK  [0m] Listening on Socket activation for snappy daemon.
[[0;32m  OK  [0m] Listening on LXD - unix socket.
[[0;32m  OK  [0m] Started iSCSI initiator daemon (iscsid).
         Starting Login to default iSCSI targets...
[[0;32m  OK  [0m] Reached target Sockets.
[[0;32m  OK  [0m] Reached target Basic System.
[[0;32m  OK  [0m] Started Deferred execution scheduler.
         Starting MySQL Community Server...
[[0;32m  OK  [0m] Started ACPI event daemon.
         Starting LXD - container startup/shutdown...
         Starting The PHP 7.0 FastCGI Process Manager...
         Starting Snappy daemon...
[[0;32m  OK  [0m] Started FUSE filesystem for LXC.
         Starting System Logging Service...
[[0;32m  OK  [0m] Started Regular background program processing daemon.
[[0;32m  OK  [0m] Started Unattended Upgrades Shutdown.
         Starting LSB: Record successful boot for GRUB...
         Starting OpenBSD Secure Shell server...
         Starting Virtualbox guest utils...
         Starting Apply the settings specified in cloud-config...
[[0;32m  OK  [0m] Started D-Bus System Message Bus.
         Starting LSB: MD monitoring daemon...
         Starting /etc/rc.local Compatibility...
         Starting Login Service...
         Starting Accounts Service...
[[0;32m  OK  [0m] Started System Logging Service.
[[0;32m  OK  [0m] Started OpenBSD Secure Shell server.
[[0;32m  OK  [0m] Started Snappy daemon.
[[0;32m  OK  [0m] Started LXD - container startup/shutdown.
[[0;32m  OK  [0m] Started /etc/rc.local Compatibility.
[[0;32m  OK  [0m] Started The PHP 7.0 FastCGI Process Manager.
[[0;32m  OK  [0m] Started Login to default iSCSI targets.
[[0;32m  OK  [0m] Started LSB: Record successful boot for GRUB.
[[0;32m  OK  [0m] Started LSB: MD monitoring daemon.
[[0;32m  OK  [0m] Started Virtualbox guest utils.
[[0;32m  OK  [0m] Started Login Service.
[   11.835265] cloud-init[1192]: Cloud-init v. 18.2 running 'modules:config' at Thu, 30 Aug 2018 06:55:17 +0000. Up 11.69 seconds.
         Starting Authenticate and Authorize Users to Run Privileged Tasks...
[[0;32m  OK  [0m] Reached target Remote File Systems (Pre).
[[0;32m  OK  [0m] Reached target Remote File Systems.
         Starting LSB: Set the CPU Frequency Scaling governor to "ondemand"...
         Starting LSB: daemon to balance interrupts for SMP systems...
         Starting LSB: Apache2 web server...
         Starting Permit User Sessions...
         Starting LSB: automatic crash report generation...
         Starting Wait until snapd is fully seeded...
[[0;32m  OK  [0m] Started Apply the settings specified in cloud-config.
[[0;32m  OK  [0m] Started Permit User Sessions.
[[0;32m  OK  [0m] Started Wait until snapd is fully seeded.
[[0;32m  OK  [0m] Started Authenticate and Authorize Users to Run Privileged Tasks.
[[0;32m  OK  [0m] Started Accounts Service.
[[0;32m  OK  [0m] Started LSB: Set the CPU Frequency Scaling governor to "ondemand".
[[0;32m  OK  [0m] Started LSB: daemon to balance interrupts for SMP systems.
         Starting Terminate Plymouth Boot Screen...
         Starting Hold until boot process finishes up...
[[0;32m  OK  [0m] Started Terminate Plymouth Boot Screen.
[[0;32m  OK  [0m] Started LSB: automatic crash report generation.
[[0;32m  OK  [0m] Started Hold until boot process finishes up.
[[0;32m  OK  [0m] Started Serial Getty on ttyS0.
[[0;32m  OK  [0m] Started Getty on tty1.
[[0;32m  OK  [0m] Reached target Login Prompts.
         Starting Set console scheme...
[[0;32m  OK  [0m] Started Set console scheme.
[[0;32m  OK  [0m] Started MySQL Community Server.
[[0;32m  OK  [0m] Started LSB: Apache2 web server.
[[0;32m  OK  [0m] Reached target Multi-User System.
         Starting Execute cloud user/final scripts...
[[0;32m  OK  [0m] Reached target Graphical Interface.
         Starting Update UTMP about System Runlevel Changes...
[[0;32m  OK  [0m] Started Update UTMP about System Runlevel Changes.
[   13.965649] cloud-init[1405]: Cloud-init v. 18.2 running 'modules:final' at Thu, 30 Aug 2018 06:55:19 +0000. Up 13.86 seconds.
[[0;32m  OK  [0m[   14.157217] ] Started Execute cloud user/final scripts.
cloud-init[1405]: Cloud-init v. 18.2 finished at Thu, 30 Aug 2018 06:55:19 +0000. Datasource DataSourceNoCloud [seed=/dev/sdb][dsmode=net].  Up 13.96 seconds
[[0;32m  OK  [0m] Reached target Cloud-init target.
         Starting Daily apt download activities...
[[0;32m  OK  [0m] Created slice User Slice of vagrant.
         Starting User Manager for UID 1000...
[[0;32m  OK  [0m] Started User Manager for UID 1000.
[[0;32m  OK  [0m] Started Session 1 of user vagrant.

Ubuntu 16.04.4 LTS ubuntu-xenial ttyS0

ubuntu-xenial login: 